
C:\Users\Karolina\Desktop\IO\Laboratorium\io-edent-beta\node_modules\uws>if not defined npm_config_node_gyp (node "C:\Program Files\nodejs\node_modules\npm\node_modules\npm-lifecycle\node-gyp-bin\\..\..\node_modules\node-gyp\bin\node-gyp.js" rebuild )  else (node "C:\Program Files\nodejs\node_modules\npm\node_modules\node-gyp\bin\node-gyp.js" rebuild ) 
Projekty w tym rozwi¥zaniu s¥ tworzone po kolei. Aby umo¾liwi† tworzenie r¢wnolegˆe, dodaj przeˆ¥cznik "/m".
  Extensions.cpp
  Group.cpp
  Networking.cpp
  Hub.cpp
  Node.cpp
  WebSocket.cpp
  HTTPSocket.cpp
  Socket.cpp
  addon.cpp
c:\users\karolina\desktop\io\laboratorium\io-edent-beta\node_modules\uws\src\hub.cpp(175): warning C4530: U¾yta obsˆuga wyj¥tk¢w j©zyka C++, ale semantyka rozwini©† nie jest wˆ¥czona. Okre˜l /EHsc [C:\Users\Karolina\Desktop\IO\Laboratorium\io-edent-beta\node_modules\uws\build\uws.vcxproj]
  win_delay_load_hook.cc
c:\users\karolina\desktop\io\laboratorium\io-edent-beta\node_modules\uws\src\addon.h(21): warning C4996: 'node::MakeCallback': zostaˆ uznany za przestarzaˆy (kompilowanie pliku «r¢dˆowego ..\src\addon.cpp) [C:\Users\Karolina\Desktop\IO\Laboratorium\io-edent-beta\node_modules\uws\build\uws.vcxproj]
  c:\users\karolina\appdata\local\node-gyp\cache\12.16.3\include\node\node.h(181): note: zobacz deklaracj© "node::MakeCallback" (kompilowanie pliku «r¢dˆowego ..\src\addon.cpp)
c:\users\karolina\desktop\io\laboratorium\io-edent-beta\node_modules\uws\src\addon.h(37): error C2664: "v8::String::Utf8Value::Utf8Value(const v8::String::Utf8Value &)": nie mo¾na dokona† konwersji argumentu 1 z "const v8::Local<v8::Value>" do "const v8::String::Utf8Value &" (kompilowanie pliku «r¢dˆowego ..\src\addon.cpp) [C:\Users\Karolina\Desktop\IO\Laboratorium\io-edent-beta\node_modules\uws\build\uws.vcxproj]
  c:\users\karolina\desktop\io\laboratorium\io-edent-beta\node_modules\uws\src\addon.h(37): note: Przyczyna: nie mo¾na skonwertowa† z "const v8::Local<v8::Value>" na "const v8::String::Utf8Value" (kompilowanie pliku «r¢dˆowego ..\src\addon.cpp)
  c:\users\karolina\desktop\io\laboratorium\io-edent-beta\node_modules\uws\src\addon.h(37): note: Nie jest dost©pny ¾aden operator konwersji zdefiniowany przez u¾ytkownika, kt¢ry m¢gˆby wykona† t© konwersj© lub operator nie mo¾e zosta† wywoˆany (kompilowanie pliku «r¢dˆowego ..\src\addon.cpp)
c:\users\karolina\desktop\io\laboratorium\io-edent-beta\node_modules\uws\src\addon.h(102): warning C4996: 'v8::String::NewFromUtf8': zostaˆ uznany za przestarzaˆy (kompilowanie pliku «r¢dˆowego ..\src\addon.cpp) [C:\Users\Karolina\Desktop\IO\Laboratorium\io-edent-beta\node_modules\uws\build\uws.vcxproj]
  c:\users\karolina\appdata\local\node-gyp\cache\12.16.3\include\node\v8.h(3030): note: zobacz deklaracj© "v8::String::NewFromUtf8" (kompilowanie pliku «r¢dˆowego ..\src\addon.cpp)
c:\users\karolina\desktop\io\laboratorium\io-edent-beta\node_modules\uws\src\addon.h(225): error C2661: "v8::Value::ToObject": brak przeci¥¾onej funkcji przyjmuj¥cej 0 argumenty (kompilowanie pliku «r¢dˆowego ..\src\addon.cpp) [C:\Users\Karolina\Desktop\IO\Laboratorium\io-edent-beta\node_modules\uws\build\uws.vcxproj]
c:\users\karolina\desktop\io\laboratorium\io-edent-beta\node_modules\uws\src\addon.h(227): error C2660: "v8::Value::IntegerValue": funkcja nie przyjmuje 0 argument¢w (kompilowanie pliku «r¢dˆowego ..\src\addon.cpp) [C:\Users\Karolina\Desktop\IO\Laboratorium\io-edent-beta\node_modules\uws\build\uws.vcxproj]
  c:\users\karolina\appdata\local\node-gyp\cache\12.16.3\include\node\v8.h(2705): note: zobacz deklaracj© "v8::Value::IntegerValue" (kompilowanie pliku «r¢dˆowego ..\src\addon.cpp)
c:\users\karolina\desktop\io\laboratorium\io-edent-beta\node_modules\uws\src\addon.h(341): warning C4996: 'node::MakeCallback': zostaˆ uznany za przestarzaˆy (kompilowanie pliku «r¢dˆowego ..\src\addon.cpp) [C:\Users\Karolina\Desktop\IO\Laboratorium\io-edent-beta\node_modules\uws\build\uws.vcxproj]
  c:\users\karolina\appdata\local\node-gyp\cache\12.16.3\include\node\node.h(181): note: zobacz deklaracj© "node::MakeCallback" (kompilowanie pliku «r¢dˆowego ..\src\addon.cpp)
c:\users\karolina\desktop\io\laboratorium\io-edent-beta\node_modules\uws\src\addon.h(405): error C2660: "v8::Function::Call": funkcja nie przyjmuje 3 argument¢w (kompilowanie pliku «r¢dˆowego ..\src\addon.cpp) [C:\Users\Karolina\Desktop\IO\Laboratorium\io-edent-beta\node_modules\uws\build\uws.vcxproj]
  c:\users\karolina\appdata\local\node-gyp\cache\12.16.3\include\node\v8.h(4298): note: zobacz deklaracj© "v8::Function::Call" (kompilowanie pliku «r¢dˆowego ..\src\addon.cpp)
c:\users\karolina\desktop\io\laboratorium\io-edent-beta\node_modules\uws\src\addon.h(418): error C2660: "v8::Value::IntegerValue": funkcja nie przyjmuje 0 argument¢w (kompilowanie pliku «r¢dˆowego ..\src\addon.cpp) [C:\Users\Karolina\Desktop\IO\Laboratorium\io-edent-beta\node_modules\uws\build\uws.vcxproj]
  c:\users\karolina\appdata\local\node-gyp\cache\12.16.3\include\node\v8.h(2705): note: zobacz deklaracj© "v8::Value::IntegerValue" (kompilowanie pliku «r¢dˆowego ..\src\addon.cpp)
c:\users\karolina\desktop\io\laboratorium\io-edent-beta\node_modules\uws\src\addon.h(427): error C2660: "v8::Value::IntegerValue": funkcja nie przyjmuje 0 argument¢w (kompilowanie pliku «r¢dˆowego ..\src\addon.cpp) [C:\Users\Karolina\Desktop\IO\Laboratorium\io-edent-beta\node_modules\uws\build\uws.vcxproj]
  c:\users\karolina\appdata\local\node-gyp\cache\12.16.3\include\node\v8.h(2705): note: zobacz deklaracj© "v8::Value::IntegerValue" (kompilowanie pliku «r¢dˆowego ..\src\addon.cpp)
c:\users\karolina\desktop\io\laboratorium\io-edent-beta\node_modules\uws\src\http.h(31): error C2664: "v8::MaybeLocal<v8::String> v8::String::NewFromOneByte(v8::Isolate *,const uint8_t *,v8::NewStringType,int)": nie mo¾na dokona† konwersji argumentu 3 z "v8::String::NewStringType" do "v8::NewStringType" (kompilowanie pliku «r¢dˆowego ..\src\addon.cpp) [C:\Users\Karolina\Desktop\IO\Laboratorium\io-edent-beta\node_modules\uws\build\uws.vcxproj]
  c:\users\karolina\desktop\io\laboratorium\io-edent-beta\node_modules\uws\src\http.h(31): note: Konwersji na typ wyliczeniowy wymaga jawnego rzutowania (operatora static_cast, rzutowania w stylu j©zyka C lub rzutowania w stylu funkcji) (kompilowanie pliku «r¢dˆowego ..\src\addon.cpp)
c:\users\karolina\desktop\io\laboratorium\io-edent-beta\node_modules\uws\src\http.h(42): warning C4311: "typ rzutowania": obci©cie wska«nika z "void *" do "long" (kompilowanie pliku «r¢dˆowego ..\src\addon.cpp) [C:\Users\Karolina\Desktop\IO\Laboratorium\io-edent-beta\node_modules\uws\build\uws.vcxproj]
c:\users\karolina\desktop\io\laboratorium\io-edent-beta\node_modules\uws\src\http.h(42): warning C4302: "typ rzutowania": obci©cie z "void *" do "long" (kompilowanie pliku «r¢dˆowego ..\src\addon.cpp) [C:\Users\Karolina\Desktop\IO\Laboratorium\io-edent-beta\node_modules\uws\build\uws.vcxproj]
c:\users\karolina\desktop\io\laboratorium\io-edent-beta\node_modules\uws\src\http.h(45): error C2664: "v8::MaybeLocal<v8::String> v8::String::NewFromOneByte(v8::Isolate *,const uint8_t *,v8::NewStringType,int)": nie mo¾na dokona† konwersji argumentu 3 z "v8::String::NewStringType" do "v8::NewStringType" (kompilowanie pliku «r¢dˆowego ..\src\addon.cpp) [C:\Users\Karolina\Desktop\IO\Laboratorium\io-edent-beta\node_modules\uws\build\uws.vcxproj]
  c:\users\karolina\desktop\io\laboratorium\io-edent-beta\node_modules\uws\src\http.h(45): note: Konwersji na typ wyliczeniowy wymaga jawnego rzutowania (operatora static_cast, rzutowania w stylu j©zyka C lub rzutowania w stylu funkcji) (kompilowanie pliku «r¢dˆowego ..\src\addon.cpp)
c:\users\karolina\desktop\io\laboratorium\io-edent-beta\node_modules\uws\src\http.h(48): error C2664: "v8::MaybeLocal<v8::String> v8::String::NewFromOneByte(v8::Isolate *,const uint8_t *,v8::NewStringType,int)": nie mo¾na dokona† konwersji argumentu 3 z "v8::String::NewStringType" do "v8::NewStringType" (kompilowanie pliku «r¢dˆowego ..\src\addon.cpp) [C:\Users\Karolina\Desktop\IO\Laboratorium\io-edent-beta\node_modules\uws\build\uws.vcxproj]
  c:\users\karolina\desktop\io\laboratorium\io-edent-beta\node_modules\uws\src\http.h(48): note: Konwersji na typ wyliczeniowy wymaga jawnego rzutowania (operatora static_cast, rzutowania w stylu j©zyka C lub rzutowania w stylu funkcji) (kompilowanie pliku «r¢dˆowego ..\src\addon.cpp)
c:\users\karolina\desktop\io\laboratorium\io-edent-beta\node_modules\uws\src\http.h(51): error C2664: "v8::MaybeLocal<v8::String> v8::String::NewFromOneByte(v8::Isolate *,const uint8_t *,v8::NewStringType,int)": nie mo¾na dokona† konwersji argumentu 3 z "v8::String::NewStringType" do "v8::NewStringType" (kompilowanie pliku «r¢dˆowego ..\src\addon.cpp) [C:\Users\Karolina\Desktop\IO\Laboratorium\io-edent-beta\node_modules\uws\build\uws.vcxproj]
  c:\users\karolina\desktop\io\laboratorium\io-edent-beta\node_modules\uws\src\http.h(51): note: Konwersji na typ wyliczeniowy wymaga jawnego rzutowania (operatora static_cast, rzutowania w stylu j©zyka C lub rzutowania w stylu funkcji) (kompilowanie pliku «r¢dˆowego ..\src\addon.cpp)
c:\users\karolina\desktop\io\laboratorium\io-edent-beta\node_modules\uws\src\http.h(54): error C2664: "v8::MaybeLocal<v8::String> v8::String::NewFromOneByte(v8::Isolate *,const uint8_t *,v8::NewStringType,int)": nie mo¾na dokona† konwersji argumentu 3 z "v8::String::NewStringType" do "v8::NewStringType" (kompilowanie pliku «r¢dˆowego ..\src\addon.cpp) [C:\Users\Karolina\Desktop\IO\Laboratorium\io-edent-beta\node_modules\uws\build\uws.vcxproj]
  c:\users\karolina\desktop\io\laboratorium\io-edent-beta\node_modules\uws\src\http.h(54): note: Konwersji na typ wyliczeniowy wymaga jawnego rzutowania (operatora static_cast, rzutowania w stylu j©zyka C lub rzutowania w stylu funkcji) (kompilowanie pliku «r¢dˆowego ..\src\addon.cpp)
c:\users\karolina\desktop\io\laboratorium\io-edent-beta\node_modules\uws\src\http.h(57): error C2664: "v8::MaybeLocal<v8::String> v8::String::NewFromOneByte(v8::Isolate *,const uint8_t *,v8::NewStringType,int)": nie mo¾na dokona† konwersji argumentu 3 z "v8::String::NewStringType" do "v8::NewStringType" (kompilowanie pliku «r¢dˆowego ..\src\addon.cpp) [C:\Users\Karolina\Desktop\IO\Laboratorium\io-edent-beta\node_modules\uws\build\uws.vcxproj]
  c:\users\karolina\desktop\io\laboratorium\io-edent-beta\node_modules\uws\src\http.h(57): note: Konwersji na typ wyliczeniowy wymaga jawnego rzutowania (operatora static_cast, rzutowania w stylu j©zyka C lub rzutowania w stylu funkcji) (kompilowanie pliku «r¢dˆowego ..\src\addon.cpp)
c:\users\karolina\desktop\io\laboratorium\io-edent-beta\node_modules\uws\src\http.h(60): error C2664: "v8::MaybeLocal<v8::String> v8::String::NewFromOneByte(v8::Isolate *,const uint8_t *,v8::NewStringType,int)": nie mo¾na dokona† konwersji argumentu 3 z "v8::String::NewStringType" do "v8::NewStringType" (kompilowanie pliku «r¢dˆowego ..\src\addon.cpp) [C:\Users\Karolina\Desktop\IO\Laboratorium\io-edent-beta\node_modules\uws\build\uws.vcxproj]
  c:\users\karolina\desktop\io\laboratorium\io-edent-beta\node_modules\uws\src\http.h(60): note: Konwersji na typ wyliczeniowy wymaga jawnego rzutowania (operatora static_cast, rzutowania w stylu j©zyka C lub rzutowania w stylu funkcji) (kompilowanie pliku «r¢dˆowego ..\src\addon.cpp)
c:\users\karolina\desktop\io\laboratorium\io-edent-beta\node_modules\uws\src\http.h(63): error C2664: "v8::MaybeLocal<v8::String> v8::String::NewFromOneByte(v8::Isolate *,const uint8_t *,v8::NewStringType,int)": nie mo¾na dokona† konwersji argumentu 3 z "v8::String::NewStringType" do "v8::NewStringType" (kompilowanie pliku «r¢dˆowego ..\src\addon.cpp) [C:\Users\Karolina\Desktop\IO\Laboratorium\io-edent-beta\node_modules\uws\build\uws.vcxproj]
  c:\users\karolina\desktop\io\laboratorium\io-edent-beta\node_modules\uws\src\http.h(63): note: Konwersji na typ wyliczeniowy wymaga jawnego rzutowania (operatora static_cast, rzutowania w stylu j©zyka C lub rzutowania w stylu funkcji) (kompilowanie pliku «r¢dˆowego ..\src\addon.cpp)
c:\users\karolina\desktop\io\laboratorium\io-edent-beta\node_modules\uws\src\http.h(66): error C2664: "v8::MaybeLocal<v8::String> v8::String::NewFromOneByte(v8::Isolate *,const uint8_t *,v8::NewStringType,int)": nie mo¾na dokona† konwersji argumentu 3 z "v8::String::NewStringType" do "v8::NewStringType" (kompilowanie pliku «r¢dˆowego ..\src\addon.cpp) [C:\Users\Karolina\Desktop\IO\Laboratorium\io-edent-beta\node_modules\uws\build\uws.vcxproj]
  c:\users\karolina\desktop\io\laboratorium\io-edent-beta\node_modules\uws\src\http.h(66): note: Konwersji na typ wyliczeniowy wymaga jawnego rzutowania (operatora static_cast, rzutowania w stylu j©zyka C lub rzutowania w stylu funkcji) (kompilowanie pliku «r¢dˆowego ..\src\addon.cpp)
c:\users\karolina\desktop\io\laboratorium\io-edent-beta\node_modules\uws\src\http.h(69): error C2664: "v8::MaybeLocal<v8::String> v8::String::NewFromOneByte(v8::Isolate *,const uint8_t *,v8::NewStringType,int)": nie mo¾na dokona† konwersji argumentu 3 z "v8::String::NewStringType" do "v8::NewStringType" (kompilowanie pliku «r¢dˆowego ..\src\addon.cpp) [C:\Users\Karolina\Desktop\IO\Laboratorium\io-edent-beta\node_modules\uws\build\uws.vcxproj]
  c:\users\karolina\desktop\io\laboratorium\io-edent-beta\node_modules\uws\src\http.h(69): note: Konwersji na typ wyliczeniowy wymaga jawnego rzutowania (operatora static_cast, rzutowania w stylu j©zyka C lub rzutowania w stylu funkcji) (kompilowanie pliku «r¢dˆowego ..\src\addon.cpp)
c:\users\karolina\desktop\io\laboratorium\io-edent-beta\node_modules\uws\src\http.h(99): error C2660: "v8::FunctionTemplate::GetFunction": funkcja nie przyjmuje 0 argument¢w (kompilowanie pliku «r¢dˆowego ..\src\addon.cpp) [C:\Users\Karolina\Desktop\IO\Laboratorium\io-edent-beta\node_modules\uws\build\uws.vcxproj]
  c:\users\karolina\appdata\local\node-gyp\cache\12.16.3\include\node\v8.h(6126): note: zobacz deklaracj© "v8::FunctionTemplate::GetFunction" (kompilowanie pliku «r¢dˆowego ..\src\addon.cpp)
c:\users\karolina\desktop\io\laboratorium\io-edent-beta\node_modules\uws\src\http.h(102): error C2039: "SetNamedPropertyHandler": Nie jest skˆadow¥ "v8::ObjectTemplate" (kompilowanie pliku «r¢dˆowego ..\src\addon.cpp) [C:\Users\Karolina\Desktop\IO\Laboratorium\io-edent-beta\node_modules\uws\build\uws.vcxproj]
  c:\users\karolina\appdata\local\node-gyp\cache\12.16.3\include\node\v8.h(6411): note: zobacz deklaracj© "v8::ObjectTemplate" (kompilowanie pliku «r¢dˆowego ..\src\addon.cpp)
c:\users\karolina\desktop\io\laboratorium\io-edent-beta\node_modules\uws\src\http.h(104): error C2660: "v8::ObjectTemplate::NewInstance": funkcja nie przyjmuje 0 argument¢w (kompilowanie pliku «r¢dˆowego ..\src\addon.cpp) [C:\Users\Karolina\Desktop\IO\Laboratorium\io-edent-beta\node_modules\uws\build\uws.vcxproj]
  c:\users\karolina\appdata\local\node-gyp\cache\12.16.3\include\node\v8.h(6423): note: zobacz deklaracj© "v8::ObjectTemplate::NewInstance" (kompilowanie pliku «r¢dˆowego ..\src\addon.cpp)
c:\users\karolina\desktop\io\laboratorium\io-edent-beta\node_modules\uws\src\http.h(104): error C2661: "v8::Object::Set": brak przeci¥¾onej funkcji przyjmuj¥cej 1 argumenty (kompilowanie pliku «r¢dˆowego ..\src\addon.cpp) [C:\Users\Karolina\Desktop\IO\Laboratorium\io-edent-beta\node_modules\uws\build\uws.vcxproj]
c:\users\karolina\desktop\io\laboratorium\io-edent-beta\node_modules\uws\src\http.h(90): warning C4996: 'v8::String::NewFromUtf8': zostaˆ uznany za przestarzaˆy (kompilowanie pliku «r¢dˆowego ..\src\addon.cpp) [C:\Users\Karolina\Desktop\IO\Laboratorium\io-edent-beta\node_modules\uws\build\uws.vcxproj]
  c:\users\karolina\appdata\local\node-gyp\cache\12.16.3\include\node\v8.h(3030): note: zobacz deklaracj© "v8::String::NewFromUtf8" (kompilowanie pliku «r¢dˆowego ..\src\addon.cpp)
c:\users\karolina\desktop\io\laboratorium\io-edent-beta\node_modules\uws\src\http.h(92): warning C4996: 'v8::String::NewFromUtf8': zostaˆ uznany za przestarzaˆy (kompilowanie pliku «r¢dˆowego ..\src\addon.cpp) [C:\Users\Karolina\Desktop\IO\Laboratorium\io-edent-beta\node_modules\uws\build\uws.vcxproj]
  c:\users\karolina\appdata\local\node-gyp\cache\12.16.3\include\node\v8.h(3030): note: zobacz deklaracj© "v8::String::NewFromUtf8" (kompilowanie pliku «r¢dˆowego ..\src\addon.cpp)
c:\users\karolina\desktop\io\laboratorium\io-edent-beta\node_modules\uws\src\http.h(93): warning C4996: 'v8::String::NewFromUtf8': zostaˆ uznany za przestarzaˆy (kompilowanie pliku «r¢dˆowego ..\src\addon.cpp) [C:\Users\Karolina\Desktop\IO\Laboratorium\io-edent-beta\node_modules\uws\build\uws.vcxproj]
  c:\users\karolina\appdata\local\node-gyp\cache\12.16.3\include\node\v8.h(3030): note: zobacz deklaracj© "v8::String::NewFromUtf8" (kompilowanie pliku «r¢dˆowego ..\src\addon.cpp)
c:\users\karolina\desktop\io\laboratorium\io-edent-beta\node_modules\uws\src\http.h(94): warning C4996: 'v8::String::NewFromUtf8': zostaˆ uznany za przestarzaˆy (kompilowanie pliku «r¢dˆowego ..\src\addon.cpp) [C:\Users\Karolina\Desktop\IO\Laboratorium\io-edent-beta\node_modules\uws\build\uws.vcxproj]
  c:\users\karolina\appdata\local\node-gyp\cache\12.16.3\include\node\v8.h(3030): note: zobacz deklaracj© "v8::String::NewFromUtf8" (kompilowanie pliku «r¢dˆowego ..\src\addon.cpp)
c:\users\karolina\desktop\io\laboratorium\io-edent-beta\node_modules\uws\src\http.h(95): warning C4996: 'v8::String::NewFromUtf8': zostaˆ uznany za przestarzaˆy (kompilowanie pliku «r¢dˆowego ..\src\addon.cpp) [C:\Users\Karolina\Desktop\IO\Laboratorium\io-edent-beta\node_modules\uws\build\uws.vcxproj]
  c:\users\karolina\appdata\local\node-gyp\cache\12.16.3\include\node\v8.h(3030): note: zobacz deklaracj© "v8::String::NewFromUtf8" (kompilowanie pliku «r¢dˆowego ..\src\addon.cpp)
c:\users\karolina\desktop\io\laboratorium\io-edent-beta\node_modules\uws\src\http.h(96): warning C4996: 'v8::String::NewFromUtf8': zostaˆ uznany za przestarzaˆy (kompilowanie pliku «r¢dˆowego ..\src\addon.cpp) [C:\Users\Karolina\Desktop\IO\Laboratorium\io-edent-beta\node_modules\uws\build\uws.vcxproj]
  c:\users\karolina\appdata\local\node-gyp\cache\12.16.3\include\node\v8.h(3030): note: zobacz deklaracj© "v8::String::NewFromUtf8" (kompilowanie pliku «r¢dˆowego ..\src\addon.cpp)
c:\users\karolina\desktop\io\laboratorium\io-edent-beta\node_modules\uws\src\http.h(97): warning C4996: 'v8::String::NewFromUtf8': zostaˆ uznany za przestarzaˆy (kompilowanie pliku «r¢dˆowego ..\src\addon.cpp) [C:\Users\Karolina\Desktop\IO\Laboratorium\io-edent-beta\node_modules\uws\build\uws.vcxproj]
  c:\users\karolina\appdata\local\node-gyp\cache\12.16.3\include\node\v8.h(3030): note: zobacz deklaracj© "v8::String::NewFromUtf8" (kompilowanie pliku «r¢dˆowego ..\src\addon.cpp)
c:\users\karolina\desktop\io\laboratorium\io-edent-beta\node_modules\uws\src\http.h(137): error C2660: "v8::Value::IntegerValue": funkcja nie przyjmuje 0 argument¢w (kompilowanie pliku «r¢dˆowego ..\src\addon.cpp) [C:\Users\Karolina\Desktop\IO\Laboratorium\io-edent-beta\node_modules\uws\build\uws.vcxproj]
  c:\users\karolina\appdata\local\node-gyp\cache\12.16.3\include\node\v8.h(2705): note: zobacz deklaracj© "v8::Value::IntegerValue" (kompilowanie pliku «r¢dˆowego ..\src\addon.cpp)
c:\users\karolina\desktop\io\laboratorium\io-edent-beta\node_modules\uws\src\http.h(147): error C2661: "v8::Value::ToObject": brak przeci¥¾onej funkcji przyjmuj¥cej 0 argumenty (kompilowanie pliku «r¢dˆowego ..\src\addon.cpp) [C:\Users\Karolina\Desktop\IO\Laboratorium\io-edent-beta\node_modules\uws\build\uws.vcxproj]
c:\users\karolina\desktop\io\laboratorium\io-edent-beta\node_modules\uws\src\http.h(148): error C2661: "v8::Object::GetOwnPropertyNames": brak przeci¥¾onej funkcji przyjmuj¥cej 0 argumenty (kompilowanie pliku «r¢dˆowego ..\src\addon.cpp) [C:\Users\Karolina\Desktop\IO\Laboratorium\io-edent-beta\node_modules\uws\build\uws.vcxproj]
c:\users\karolina\desktop\io\laboratorium\io-edent-beta\node_modules\uws\src\http.h(149): warning C4018: "<": niezgodno˜† typu ze znakiem/bez znaku (kompilowanie pliku «r¢dˆowego ..\src\addon.cpp) [C:\Users\Karolina\Desktop\IO\Laboratorium\io-edent-beta\node_modules\uws\build\uws.vcxproj]
c:\users\karolina\desktop\io\laboratorium\io-edent-beta\node_modules\uws\src\http.h(150): warning C4996: 'v8::Object::Get': zostaˆ uznany za przestarzaˆy (kompilowanie pliku «r¢dˆowego ..\src\addon.cpp) [C:\Users\Karolina\Desktop\IO\Laboratorium\io-edent-beta\node_modules\uws\build\uws.vcxproj]
  c:\users\karolina\appdata\local\node-gyp\cache\12.16.3\include\node\v8.h(3557): note: zobacz deklaracj© "v8::Object::Get" (kompilowanie pliku «r¢dˆowego ..\src\addon.cpp)
c:\users\karolina\desktop\io\laboratorium\io-edent-beta\node_modules\uws\src\http.h(151): warning C4996: 'v8::Object::Get': zostaˆ uznany za przestarzaˆy (kompilowanie pliku «r¢dˆowego ..\src\addon.cpp) [C:\Users\Karolina\Desktop\IO\Laboratorium\io-edent-beta\node_modules\uws\build\uws.vcxproj]
  c:\users\karolina\appdata\local\node-gyp\cache\12.16.3\include\node\v8.h(3553): note: zobacz deklaracj© "v8::Object::Get" (kompilowanie pliku «r¢dˆowego ..\src\addon.cpp)
c:\users\karolina\desktop\io\laboratorium\io-edent-beta\node_modules\uws\src\http.h(196): error C2660: "v8::FunctionTemplate::GetFunction": funkcja nie przyjmuje 0 argument¢w (kompilowanie pliku «r¢dˆowego ..\src\addon.cpp) [C:\Users\Karolina\Desktop\IO\Laboratorium\io-edent-beta\node_modules\uws\build\uws.vcxproj]
  c:\users\karolina\appdata\local\node-gyp\cache\12.16.3\include\node\v8.h(6126): note: zobacz deklaracj© "v8::FunctionTemplate::GetFunction" (kompilowanie pliku «r¢dˆowego ..\src\addon.cpp)
c:\users\karolina\desktop\io\laboratorium\io-edent-beta\node_modules\uws\src\http.h(188): warning C4996: 'v8::String::NewFromUtf8': zostaˆ uznany za przestarzaˆy (kompilowanie pliku «r¢dˆowego ..\src\addon.cpp) [C:\Users\Karolina\Desktop\IO\Laboratorium\io-edent-beta\node_modules\uws\build\uws.vcxproj]
  c:\users\karolina\appdata\local\node-gyp\cache\12.16.3\include\node\v8.h(3030): note: zobacz deklaracj© "v8::String::NewFromUtf8" (kompilowanie pliku «r¢dˆowego ..\src\addon.cpp)
c:\users\karolina\desktop\io\laboratorium\io-edent-beta\node_modules\uws\src\http.h(190): warning C4996: 'v8::String::NewFromUtf8': zostaˆ uznany za przestarzaˆy (kompilowanie pliku «r¢dˆowego ..\src\addon.cpp) [C:\Users\Karolina\Desktop\IO\Laboratorium\io-edent-beta\node_modules\uws\build\uws.vcxproj]
  c:\users\karolina\appdata\local\node-gyp\cache\12.16.3\include\node\v8.h(3030): note: zobacz deklaracj© "v8::String::NewFromUtf8" (kompilowanie pliku «r¢dˆowego ..\src\addon.cpp)
c:\users\karolina\desktop\io\laboratorium\io-edent-beta\node_modules\uws\src\http.h(191): warning C4996: 'v8::String::NewFromUtf8': zostaˆ uznany za przestarzaˆy (kompilowanie pliku «r¢dˆowego ..\src\addon.cpp) [C:\Users\Karolina\Desktop\IO\Laboratorium\io-edent-beta\node_modules\uws\build\uws.vcxproj]
  c:\users\karolina\appdata\local\node-gyp\cache\12.16.3\include\node\v8.h(3030): note: zobacz deklaracj© "v8::String::NewFromUtf8" (kompilowanie pliku «r¢dˆowego ..\src\addon.cpp)
c:\users\karolina\desktop\io\laboratorium\io-edent-beta\node_modules\uws\src\http.h(192): warning C4996: 'v8::String::NewFromUtf8': zostaˆ uznany za przestarzaˆy (kompilowanie pliku «r¢dˆowego ..\src\addon.cpp) [C:\Users\Karolina\Desktop\IO\Laboratorium\io-edent-beta\node_modules\uws\build\uws.vcxproj]
  c:\users\karolina\appdata\local\node-gyp\cache\12.16.3\include\node\v8.h(3030): note: zobacz deklaracj© "v8::String::NewFromUtf8" (kompilowanie pliku «r¢dˆowego ..\src\addon.cpp)
c:\users\karolina\desktop\io\laboratorium\io-edent-beta\node_modules\uws\src\http.h(193): warning C4996: 'v8::String::NewFromUtf8': zostaˆ uznany za przestarzaˆy (kompilowanie pliku «r¢dˆowego ..\src\addon.cpp) [C:\Users\Karolina\Desktop\IO\Laboratorium\io-edent-beta\node_modules\uws\build\uws.vcxproj]
  c:\users\karolina\appdata\local\node-gyp\cache\12.16.3\include\node\v8.h(3030): note: zobacz deklaracj© "v8::String::NewFromUtf8" (kompilowanie pliku «r¢dˆowego ..\src\addon.cpp)
c:\users\karolina\desktop\io\laboratorium\io-edent-beta\node_modules\uws\src\http.h(194): warning C4996: 'v8::String::NewFromUtf8': zostaˆ uznany za przestarzaˆy (kompilowanie pliku «r¢dˆowego ..\src\addon.cpp) [C:\Users\Karolina\Desktop\IO\Laboratorium\io-edent-beta\node_modules\uws\build\uws.vcxproj]
  c:\users\karolina\appdata\local\node-gyp\cache\12.16.3\include\node\v8.h(3030): note: zobacz deklaracj© "v8::String::NewFromUtf8" (kompilowanie pliku «r¢dˆowego ..\src\addon.cpp)
c:\users\karolina\desktop\io\laboratorium\io-edent-beta\node_modules\uws\src\http.h(195): warning C4996: 'v8::String::NewFromUtf8': zostaˆ uznany za przestarzaˆy (kompilowanie pliku «r¢dˆowego ..\src\addon.cpp) [C:\Users\Karolina\Desktop\IO\Laboratorium\io-edent-beta\node_modules\uws\build\uws.vcxproj]
  c:\users\karolina\appdata\local\node-gyp\cache\12.16.3\include\node\v8.h(3030): note: zobacz deklaracj© "v8::String::NewFromUtf8" (kompilowanie pliku «r¢dˆowego ..\src\addon.cpp)
c:\users\karolina\desktop\io\laboratorium\io-edent-beta\node_modules\uws\src\http.h(226): warning C4312: "typ rzutowania": konwersja z "long" na "void *" jest wi©kszej wielko˜ci (kompilowanie pliku «r¢dˆowego ..\src\addon.cpp) [C:\Users\Karolina\Desktop\IO\Laboratorium\io-edent-beta\node_modules\uws\build\uws.vcxproj]
c:\users\karolina\desktop\io\laboratorium\io-edent-beta\node_modules\uws\src\http.h(227): error C2664: "v8::MaybeLocal<v8::String> v8::String::NewFromOneByte(v8::Isolate *,const uint8_t *,v8::NewStringType,int)": nie mo¾na dokona† konwersji argumentu 3 z "v8::String::NewStringType" do "v8::NewStringType" (kompilowanie pliku «r¢dˆowego ..\src\addon.cpp) [C:\Users\Karolina\Desktop\IO\Laboratorium\io-edent-beta\node_modules\uws\build\uws.vcxproj]
  c:\users\karolina\desktop\io\laboratorium\io-edent-beta\node_modules\uws\src\http.h(227): note: Konwersji na typ wyliczeniowy wymaga jawnego rzutowania (operatora static_cast, rzutowania w stylu j©zyka C lub rzutowania w stylu funkcji) (kompilowanie pliku «r¢dˆowego ..\src\addon.cpp)
c:\users\karolina\desktop\io\laboratorium\io-edent-beta\node_modules\uws\src\http.h(227): error C2660: "v8::Object::SetInternalField": funkcja nie przyjmuje 1 argument¢w (kompilowanie pliku «r¢dˆowego ..\src\addon.cpp) [C:\Users\Karolina\Desktop\IO\Laboratorium\io-edent-beta\node_modules\uws\build\uws.vcxproj]
  c:\users\karolina\appdata\local\node-gyp\cache\12.16.3\include\node\v8.h(3745): note: zobacz deklaracj© "v8::Object::SetInternalField" (kompilowanie pliku «r¢dˆowego ..\src\addon.cpp)
c:\users\karolina\desktop\io\laboratorium\io-edent-beta\node_modules\uws\src\http.h(230): error C2660: "v8::Function::Call": funkcja nie przyjmuje 3 argument¢w (kompilowanie pliku «r¢dˆowego ..\src\addon.cpp) [C:\Users\Karolina\Desktop\IO\Laboratorium\io-edent-beta\node_modules\uws\build\uws.vcxproj]
  c:\users\karolina\appdata\local\node-gyp\cache\12.16.3\include\node\v8.h(4298): note: zobacz deklaracj© "v8::Function::Call" (kompilowanie pliku «r¢dˆowego ..\src\addon.cpp)
c:\users\karolina\desktop\io\laboratorium\io-edent-beta\node_modules\uws\src\http.h(236): error C2660: "v8::Function::Call": funkcja nie przyjmuje 3 argument¢w (kompilowanie pliku «r¢dˆowego ..\src\addon.cpp) [C:\Users\Karolina\Desktop\IO\Laboratorium\io-edent-beta\node_modules\uws\build\uws.vcxproj]
  c:\users\karolina\appdata\local\node-gyp\cache\12.16.3\include\node\v8.h(4298): note: zobacz deklaracj© "v8::Function::Call" (kompilowanie pliku «r¢dˆowego ..\src\addon.cpp)
c:\users\karolina\desktop\io\laboratorium\io-edent-beta\node_modules\uws\src\http.h(242): error C2660: "v8::Function::Call": funkcja nie przyjmuje 3 argument¢w (kompilowanie pliku «r¢dˆowego ..\src\addon.cpp) [C:\Users\Karolina\Desktop\IO\Laboratorium\io-edent-beta\node_modules\uws\build\uws.vcxproj]
  c:\users\karolina\appdata\local\node-gyp\cache\12.16.3\include\node\v8.h(4298): note: zobacz deklaracj© "v8::Function::Call" (kompilowanie pliku «r¢dˆowego ..\src\addon.cpp)
c:\users\karolina\desktop\io\laboratorium\io-edent-beta\node_modules\uws\src\http.h(265): error C2660: "v8::Function::Call": funkcja nie przyjmuje 3 argument¢w (kompilowanie pliku «r¢dˆowego ..\src\addon.cpp) [C:\Users\Karolina\Desktop\IO\Laboratorium\io-edent-beta\node_modules\uws\build\uws.vcxproj]
  c:\users\karolina\appdata\local\node-gyp\cache\12.16.3\include\node\v8.h(4298): note: zobacz deklaracj© "v8::Function::Call" (kompilowanie pliku «r¢dˆowego ..\src\addon.cpp)
c:\users\karolina\desktop\io\laboratorium\io-edent-beta\node_modules\uws\src\http.h(280): error C2660: "v8::Function::Call": funkcja nie przyjmuje 3 argument¢w (kompilowanie pliku «r¢dˆowego ..\src\addon.cpp) [C:\Users\Karolina\Desktop\IO\Laboratorium\io-edent-beta\node_modules\uws\build\uws.vcxproj]
  c:\users\karolina\appdata\local\node-gyp\cache\12.16.3\include\node\v8.h(4298): note: zobacz deklaracj© "v8::Function::Call" (kompilowanie pliku «r¢dˆowego ..\src\addon.cpp)
c:\users\karolina\desktop\io\laboratorium\io-edent-beta\node_modules\uws\src\http.h(286): error C2660: "v8::Function::Call": funkcja nie przyjmuje 3 argument¢w (kompilowanie pliku «r¢dˆowego ..\src\addon.cpp) [C:\Users\Karolina\Desktop\IO\Laboratorium\io-edent-beta\node_modules\uws\build\uws.vcxproj]
  c:\users\karolina\appdata\local\node-gyp\cache\12.16.3\include\node\v8.h(4298): note: zobacz deklaracj© "v8::Function::Call" (kompilowanie pliku «r¢dˆowego ..\src\addon.cpp)
c:\users\karolina\desktop\io\laboratorium\io-edent-beta\node_modules\uws\src\http.h(293): error C2661: "v8::Function::NewInstance": brak przeci¥¾onej funkcji przyjmuj¥cej 0 argumenty (kompilowanie pliku «r¢dˆowego ..\src\addon.cpp) [C:\Users\Karolina\Desktop\IO\Laboratorium\io-edent-beta\node_modules\uws\build\uws.vcxproj]
c:\users\karolina\desktop\io\laboratorium\io-edent-beta\node_modules\uws\src\http.h(308): error C2660: "v8::Value::IntegerValue": funkcja nie przyjmuje 0 argument¢w (kompilowanie pliku «r¢dˆowego ..\src\addon.cpp) [C:\Users\Karolina\Desktop\IO\Laboratorium\io-edent-beta\node_modules\uws\build\uws.vcxproj]
  c:\users\karolina\appdata\local\node-gyp\cache\12.16.3\include\node\v8.h(2705): note: zobacz deklaracj© "v8::Value::IntegerValue" (kompilowanie pliku «r¢dˆowego ..\src\addon.cpp)
c:\users\karolina\desktop\io\laboratorium\io-edent-beta\node_modules\uws\src\http.h(311): error C2660: "v8::Function::Call": funkcja nie przyjmuje 3 argument¢w (kompilowanie pliku «r¢dˆowego ..\src\addon.cpp) [C:\Users\Karolina\Desktop\IO\Laboratorium\io-edent-beta\node_modules\uws\build\uws.vcxproj]
  c:\users\karolina\appdata\local\node-gyp\cache\12.16.3\include\node\v8.h(4298): note: zobacz deklaracj© "v8::Function::Call" (kompilowanie pliku «r¢dˆowego ..\src\addon.cpp)
c:\users\karolina\desktop\io\laboratorium\io-edent-beta\node_modules\uws\src\http.h(320): error C2661: "v8::Value::ToObject": brak przeci¥¾onej funkcji przyjmuj¥cej 0 argumenty (kompilowanie pliku «r¢dˆowego ..\src\addon.cpp) [C:\Users\Karolina\Desktop\IO\Laboratorium\io-edent-beta\node_modules\uws\build\uws.vcxproj]
c:\users\karolina\desktop\io\laboratorium\io-edent-beta\node_modules\uws\src\http.h(321): error C2661: "v8::Value::ToObject": brak przeci¥¾onej funkcji przyjmuj¥cej 0 argumenty (kompilowanie pliku «r¢dˆowego ..\src\addon.cpp) [C:\Users\Karolina\Desktop\IO\Laboratorium\io-edent-beta\node_modules\uws\build\uws.vcxproj]
c:\users\karolina\desktop\io\laboratorium\io-edent-beta\node_modules\uws\src\http.h(327): error C2661: "v8::Function::NewInstance": brak przeci¥¾onej funkcji przyjmuj¥cej 0 argumenty (kompilowanie pliku «r¢dˆowego ..\src\addon.cpp) [C:\Users\Karolina\Desktop\IO\Laboratorium\io-edent-beta\node_modules\uws\build\uws.vcxproj]
c:\users\karolina\desktop\io\laboratorium\io-edent-beta\node_modules\uws\src\http.h(353): error C2660: "v8::FunctionTemplate::GetFunction": funkcja nie przyjmuje 0 argument¢w (kompilowanie pliku «r¢dˆowego ..\src\addon.cpp) [C:\Users\Karolina\Desktop\IO\Laboratorium\io-edent-beta\node_modules\uws\build\uws.vcxproj]
  c:\users\karolina\appdata\local\node-gyp\cache\12.16.3\include\node\v8.h(6126): note: zobacz deklaracj© "v8::FunctionTemplate::GetFunction" (kompilowanie pliku «r¢dˆowego ..\src\addon.cpp)
c:\users\karolina\desktop\io\laboratorium\io-edent-beta\node_modules\uws\src\http.h(343): warning C4996: 'v8::String::NewFromUtf8': zostaˆ uznany za przestarzaˆy (kompilowanie pliku «r¢dˆowego ..\src\addon.cpp) [C:\Users\Karolina\Desktop\IO\Laboratorium\io-edent-beta\node_modules\uws\build\uws.vcxproj]
  c:\users\karolina\appdata\local\node-gyp\cache\12.16.3\include\node\v8.h(3030): note: zobacz deklaracj© "v8::String::NewFromUtf8" (kompilowanie pliku «r¢dˆowego ..\src\addon.cpp)
c:\users\karolina\desktop\io\laboratorium\io-edent-beta\node_modules\uws\src\http.h(344): warning C4996: 'v8::String::NewFromUtf8': zostaˆ uznany za przestarzaˆy (kompilowanie pliku «r¢dˆowego ..\src\addon.cpp) [C:\Users\Karolina\Desktop\IO\Laboratorium\io-edent-beta\node_modules\uws\build\uws.vcxproj]
  c:\users\karolina\appdata\local\node-gyp\cache\12.16.3\include\node\v8.h(3030): note: zobacz deklaracj© "v8::String::NewFromUtf8" (kompilowanie pliku «r¢dˆowego ..\src\addon.cpp)
c:\users\karolina\desktop\io\laboratorium\io-edent-beta\node_modules\uws\src\http.h(345): warning C4996: 'v8::String::NewFromUtf8': zostaˆ uznany za przestarzaˆy (kompilowanie pliku «r¢dˆowego ..\src\addon.cpp) [C:\Users\Karolina\Desktop\IO\Laboratorium\io-edent-beta\node_modules\uws\build\uws.vcxproj]
  c:\users\karolina\appdata\local\node-gyp\cache\12.16.3\include\node\v8.h(3030): note: zobacz deklaracj© "v8::String::NewFromUtf8" (kompilowanie pliku «r¢dˆowego ..\src\addon.cpp)
c:\users\karolina\desktop\io\laboratorium\io-edent-beta\node_modules\uws\src\http.h(346): warning C4996: 'v8::String::NewFromUtf8': zostaˆ uznany za przestarzaˆy (kompilowanie pliku «r¢dˆowego ..\src\addon.cpp) [C:\Users\Karolina\Desktop\IO\Laboratorium\io-edent-beta\node_modules\uws\build\uws.vcxproj]
  c:\users\karolina\appdata\local\node-gyp\cache\12.16.3\include\node\v8.h(3030): note: zobacz deklaracj© "v8::String::NewFromUtf8" (kompilowanie pliku «r¢dˆowego ..\src\addon.cpp)
c:\users\karolina\desktop\io\laboratorium\io-edent-beta\node_modules\uws\src\http.h(347): warning C4996: 'v8::String::NewFromUtf8': zostaˆ uznany za przestarzaˆy (kompilowanie pliku «r¢dˆowego ..\src\addon.cpp) [C:\Users\Karolina\Desktop\IO\Laboratorium\io-edent-beta\node_modules\uws\build\uws.vcxproj]
  c:\users\karolina\appdata\local\node-gyp\cache\12.16.3\include\node\v8.h(3030): note: zobacz deklaracj© "v8::String::NewFromUtf8" (kompilowanie pliku «r¢dˆowego ..\src\addon.cpp)
c:\users\karolina\desktop\io\laboratorium\io-edent-beta\node_modules\uws\src\http.h(348): warning C4996: 'v8::String::NewFromUtf8': zostaˆ uznany za przestarzaˆy (kompilowanie pliku «r¢dˆowego ..\src\addon.cpp) [C:\Users\Karolina\Desktop\IO\Laboratorium\io-edent-beta\node_modules\uws\build\uws.vcxproj]
  c:\users\karolina\appdata\local\node-gyp\cache\12.16.3\include\node\v8.h(3030): note: zobacz deklaracj© "v8::String::NewFromUtf8" (kompilowanie pliku «r¢dˆowego ..\src\addon.cpp)
c:\users\karolina\desktop\io\laboratorium\io-edent-beta\node_modules\uws\src\addon.cpp(8): warning C4996: 'v8::Object::Set': zostaˆ uznany za przestarzaˆy [C:\Users\Karolina\Desktop\IO\Laboratorium\io-edent-beta\node_modules\uws\build\uws.vcxproj]
  c:\users\karolina\appdata\local\node-gyp\cache\12.16.3\include\node\v8.h(3498): note: zobacz deklaracj© "v8::Object::Set"
c:\users\karolina\desktop\io\laboratorium\io-edent-beta\node_modules\uws\src\addon.cpp(9): warning C4996: 'v8::Object::Set': zostaˆ uznany za przestarzaˆy [C:\Users\Karolina\Desktop\IO\Laboratorium\io-edent-beta\node_modules\uws\build\uws.vcxproj]
  c:\users\karolina\appdata\local\node-gyp\cache\12.16.3\include\node\v8.h(3498): note: zobacz deklaracj© "v8::Object::Set"
c:\users\karolina\desktop\io\laboratorium\io-edent-beta\node_modules\uws\src\addon.cpp(10): warning C4996: 'v8::Object::Set': zostaˆ uznany za przestarzaˆy [C:\Users\Karolina\Desktop\IO\Laboratorium\io-edent-beta\node_modules\uws\build\uws.vcxproj]
  c:\users\karolina\appdata\local\node-gyp\cache\12.16.3\include\node\v8.h(3498): note: zobacz deklaracj© "v8::Object::Set"
gyp ERR! build error 
gyp ERR! stack Error: `C:\Program Files (x86)\Microsoft Visual Studio\2017\Community\MSBuild\15.0\Bin\MSBuild.exe` failed with exit code: 1
gyp ERR! stack     at ChildProcess.onExit (C:\Program Files\nodejs\node_modules\npm\node_modules\node-gyp\lib\build.js:194:23)
gyp ERR! stack     at ChildProcess.emit (events.js:310:20)
gyp ERR! stack     at Process.ChildProcess._handle.onexit (internal/child_process.js:275:12)
gyp ERR! System Windows_NT 10.0.18362
gyp ERR! command "C:\\Program Files\\nodejs\\node.exe" "C:\\Program Files\\nodejs\\node_modules\\npm\\node_modules\\node-gyp\\bin\\node-gyp.js" "rebuild"
gyp ERR! cwd C:\Users\Karolina\Desktop\IO\Laboratorium\io-edent-beta\node_modules\uws
gyp ERR! node -v v12.16.3
gyp ERR! node-gyp -v v5.1.0
gyp ERR! not ok 
